<?xml version="1.0" encoding="UTF-8"?>
<!-- Generated by org.testng.reporters.JUnitReportReporter -->
<testsuite hostname="DESKTOP-BL75G5A" failures="0" tests="1" name="testcases.TC006_ValidateBottomLinksTest" time="24.971" errors="0" timestamp="2024-05-10T12:02:20 IST" skipped="0">
  <testcase classname="testcases.TC006_ValidateBottomLinksTest" name="validatetestlink" time="24.971"/>
</testsuite> <!-- testcases.TC006_ValidateBottomLinksTest -->
