<?xml version="1.0" encoding="UTF-8"?>
<!-- Generated by org.testng.reporters.JUnitReportReporter -->
<testsuite hostname="DESKTOP-BL75G5A" failures="0" tests="1" name="testcases.TC004_AddItemByBrandTest" time="47.226" errors="0" timestamp="2024-05-10T12:02:20 IST" skipped="0">
  <testcase classname="testcases.TC004_AddItemByBrandTest" name="brandtest" time="47.226"/>
</testsuite> <!-- testcases.TC004_AddItemByBrandTest -->
