<?xml version="1.0" encoding="UTF-8"?>
<!-- Generated by org.testng.reporters.JUnitReportReporter -->
<testsuite hostname="DESKTOP-BL75G5A" failures="0" tests="1" name="testcases.TC003_AddItemBySearchTest" time="40.955" errors="0" timestamp="2024-05-10T12:02:20 IST" skipped="0">
  <testcase classname="testcases.TC003_AddItemBySearchTest" name="searchitemtest" time="40.955"/>
</testsuite> <!-- testcases.TC003_AddItemBySearchTest -->
